android/app/build/intermediates/manifest_merge_blame_file/release/processReleaseMainManifest/manifest-merger-blame-release-report.txt
1<?xml version="1.0" encoding="utf-8"?>
2<manifest xmlns:android="http://schemas.android.com/apk/res/android"
3    package="com.nexustvguide.app"
4    android:versionCode="1"
5    android:versionName="1.0.0" >
6
7    <uses-sdk
8        android:minSdkVersion="21"
9        android:targetSdkVersion="34" />
10
11    <uses-feature
11-->src/main/AndroidManifest.xml:4:5-6:36
12        android:name="android.hardware.touchscreen"
12-->src/main/AndroidManifest.xml:5:9-52
13        android:required="false" />
13-->src/main/AndroidManifest.xml:6:9-33
14    <uses-feature
14-->src/main/AndroidManifest.xml:7:5-9:35
15        android:name="android.software.leanback"
15-->src/main/AndroidManifest.xml:8:9-49
16        android:required="true" />
16-->src/main/AndroidManifest.xml:9:9-32
17
18    <uses-permission android:name="android.permission.INTERNET" />
18-->src/main/AndroidManifest.xml:11:5-67
18-->src/main/AndroidManifest.xml:11:22-64
19    <uses-permission android:name="android.permission.ACCESS_NETWORK_STATE" />
19-->src/main/AndroidManifest.xml:12:5-79
19-->src/main/AndroidManifest.xml:12:22-76
20
21    <queries>
21-->src/main/AndroidManifest.xml:14:5-26:15
22        <package android:name="nl.nlziet" />
22-->src/main/AndroidManifest.xml:15:9-45
22-->src/main/AndroidManifest.xml:15:18-42
23
24        <intent>
24-->src/main/AndroidManifest.xml:16:9-19:18
25            <action android:name="android.intent.action.VIEW" />
25-->src/main/AndroidManifest.xml:17:13-65
25-->src/main/AndroidManifest.xml:17:21-62
26
27            <data android:scheme="nlziet" />
27-->src/main/AndroidManifest.xml:18:13-45
27-->src/main/AndroidManifest.xml:18:19-42
28        </intent>
29        <intent>
29-->src/main/AndroidManifest.xml:20:9-25:18
30            <action android:name="android.intent.action.VIEW" />
30-->src/main/AndroidManifest.xml:17:13-65
30-->src/main/AndroidManifest.xml:17:21-62
31
32            <data
32-->src/main/AndroidManifest.xml:18:13-45
33                android:host="nlzietshare.page.link"
33-->src/main/AndroidManifest.xml:24:17-53
34                android:scheme="https" />
34-->src/main/AndroidManifest.xml:18:19-42
35        </intent>
36    </queries>
37
38    <permission
38-->[androidx.core:core:1.13.1] AndroidManifest.xml:22:5-24:47
39        android:name="com.nexustvguide.app.DYNAMIC_RECEIVER_NOT_EXPORTED_PERMISSION"
39-->[androidx.core:core:1.13.1] AndroidManifest.xml:23:9-81
40        android:protectionLevel="signature" />
40-->[androidx.core:core:1.13.1] AndroidManifest.xml:24:9-44
41
42    <uses-permission android:name="com.nexustvguide.app.DYNAMIC_RECEIVER_NOT_EXPORTED_PERMISSION" />
42-->[androidx.core:core:1.13.1] AndroidManifest.xml:26:5-97
42-->[androidx.core:core:1.13.1] AndroidManifest.xml:26:22-94
43
44    <application
44-->src/main/AndroidManifest.xml:28:5-50:19
45        android:name="com.nexustvguide.app.NexusTVGuideApp"
45-->src/main/AndroidManifest.xml:29:9-40
46        android:allowBackup="true"
46-->src/main/AndroidManifest.xml:30:9-35
47        android:appComponentFactory="androidx.core.app.CoreComponentFactory"
47-->[androidx.core:core:1.13.1] AndroidManifest.xml:28:18-86
48        android:banner="@drawable/tv_banner"
48-->src/main/AndroidManifest.xml:33:9-45
49        android:extractNativeLibs="true"
50        android:icon="@mipmap/ic_launcher"
50-->src/main/AndroidManifest.xml:31:9-43
51        android:label="@string/app_name"
51-->src/main/AndroidManifest.xml:32:9-41
52        android:networkSecurityConfig="@xml/network_security_config"
52-->src/main/AndroidManifest.xml:34:9-69
53        android:supportsRtl="true"
53-->src/main/AndroidManifest.xml:35:9-35
54        android:theme="@style/Theme.NexusTVGuide" >
54-->src/main/AndroidManifest.xml:36:9-50
55        <activity
55-->src/main/AndroidManifest.xml:38:9-49:20
56            android:name="com.nexustvguide.app.ui.MainActivity"
56-->src/main/AndroidManifest.xml:39:13-44
57            android:banner="@drawable/tv_banner"
57-->src/main/AndroidManifest.xml:40:13-49
58            android:exported="true"
58-->src/main/AndroidManifest.xml:41:13-36
59            android:icon="@mipmap/ic_launcher"
59-->src/main/AndroidManifest.xml:42:13-47
60            android:label="@string/app_name"
60-->src/main/AndroidManifest.xml:43:13-45
61            android:screenOrientation="landscape" >
61-->src/main/AndroidManifest.xml:44:13-50
62            <intent-filter>
62-->src/main/AndroidManifest.xml:45:13-48:29
63                <action android:name="android.intent.action.MAIN" />
63-->src/main/AndroidManifest.xml:46:17-69
63-->src/main/AndroidManifest.xml:46:25-66
64
65                <category android:name="android.intent.category.LEANBACK_LAUNCHER" />
65-->src/main/AndroidManifest.xml:47:17-86
65-->src/main/AndroidManifest.xml:47:27-83
66            </intent-filter>
67        </activity>
68
69        <provider
69-->[androidx.emoji2:emoji2:1.3.0] AndroidManifest.xml:24:9-32:20
70            android:name="androidx.startup.InitializationProvider"
70-->[androidx.emoji2:emoji2:1.3.0] AndroidManifest.xml:25:13-67
71            android:authorities="com.nexustvguide.app.androidx-startup"
71-->[androidx.emoji2:emoji2:1.3.0] AndroidManifest.xml:26:13-68
72            android:exported="false" >
72-->[androidx.emoji2:emoji2:1.3.0] AndroidManifest.xml:27:13-37
73            <meta-data
73-->[androidx.emoji2:emoji2:1.3.0] AndroidManifest.xml:29:13-31:52
74                android:name="androidx.emoji2.text.EmojiCompatInitializer"
74-->[androidx.emoji2:emoji2:1.3.0] AndroidManifest.xml:30:17-75
75                android:value="androidx.startup" />
75-->[androidx.emoji2:emoji2:1.3.0] AndroidManifest.xml:31:17-49
76            <meta-data
76-->[androidx.lifecycle:lifecycle-process:2.8.4] AndroidManifest.xml:29:13-31:52
77                android:name="androidx.lifecycle.ProcessLifecycleInitializer"
77-->[androidx.lifecycle:lifecycle-process:2.8.4] AndroidManifest.xml:30:17-78
78                android:value="androidx.startup" />
78-->[androidx.lifecycle:lifecycle-process:2.8.4] AndroidManifest.xml:31:17-49
79            <meta-data
79-->[androidx.profileinstaller:profileinstaller:1.3.1] AndroidManifest.xml:29:13-31:52
80                android:name="androidx.profileinstaller.ProfileInstallerInitializer"
80-->[androidx.profileinstaller:profileinstaller:1.3.1] AndroidManifest.xml:30:17-85
81                android:value="androidx.startup" />
81-->[androidx.profileinstaller:profileinstaller:1.3.1] AndroidManifest.xml:31:17-49
82        </provider>
83
84        <receiver
84-->[androidx.profileinstaller:profileinstaller:1.3.1] AndroidManifest.xml:34:9-52:20
85            android:name="androidx.profileinstaller.ProfileInstallReceiver"
85-->[androidx.profileinstaller:profileinstaller:1.3.1] AndroidManifest.xml:35:13-76
86            android:directBootAware="false"
86-->[androidx.profileinstaller:profileinstaller:1.3.1] AndroidManifest.xml:36:13-44
87            android:enabled="true"
87-->[androidx.profileinstaller:profileinstaller:1.3.1] AndroidManifest.xml:37:13-35
88            android:exported="true"
88-->[androidx.profileinstaller:profileinstaller:1.3.1] AndroidManifest.xml:38:13-36
89            android:permission="android.permission.DUMP" >
89-->[androidx.profileinstaller:profileinstaller:1.3.1] AndroidManifest.xml:39:13-57
90            <intent-filter>
90-->[androidx.profileinstaller:profileinstaller:1.3.1] AndroidManifest.xml:40:13-42:29
91                <action android:name="androidx.profileinstaller.action.INSTALL_PROFILE" />
91-->[androidx.profileinstaller:profileinstaller:1.3.1] AndroidManifest.xml:41:17-91
91-->[androidx.profileinstaller:profileinstaller:1.3.1] AndroidManifest.xml:41:25-88
92            </intent-filter>
93            <intent-filter>
93-->[androidx.profileinstaller:profileinstaller:1.3.1] AndroidManifest.xml:43:13-45:29
94                <action android:name="androidx.profileinstaller.action.SKIP_FILE" />
94-->[androidx.profileinstaller:profileinstaller:1.3.1] AndroidManifest.xml:44:17-85
94-->[androidx.profileinstaller:profileinstaller:1.3.1] AndroidManifest.xml:44:25-82
95            </intent-filter>
96            <intent-filter>
96-->[androidx.profileinstaller:profileinstaller:1.3.1] AndroidManifest.xml:46:13-48:29
97                <action android:name="androidx.profileinstaller.action.SAVE_PROFILE" />
97-->[androidx.profileinstaller:profileinstaller:1.3.1] AndroidManifest.xml:47:17-88
97-->[androidx.profileinstaller:profileinstaller:1.3.1] AndroidManifest.xml:47:25-85
98            </intent-filter>
99            <intent-filter>
99-->[androidx.profileinstaller:profileinstaller:1.3.1] AndroidManifest.xml:49:13-51:29
100                <action android:name="androidx.profileinstaller.action.BENCHMARK_OPERATION" />
100-->[androidx.profileinstaller:profileinstaller:1.3.1] AndroidManifest.xml:50:17-95
100-->[androidx.profileinstaller:profileinstaller:1.3.1] AndroidManifest.xml:50:25-92
101            </intent-filter>
102        </receiver>
103    </application>
104
105</manifest>